<?xml version="1.0" encoding="UTF-8"?>
<!-- Generated by org.testng.reporters.JUnitReportReporter -->
<testsuite hostname="NU14A1" failures="0" tests="1" name="script.InvalidLogin" time="19.498" errors="0" timestamp="2023-05-06T08:24:28 IST" skipped="0">
  <testcase classname="script.InvalidLogin" name="testInvalidLogin" time="19.498"/>
  <system-out>
    <![CDATA[Err Msg is Displayed
Err Msg is Displayed]]>
  </system-out>
</testsuite> <!-- script.InvalidLogin -->
