<?xml version="1.0" encoding="UTF-8"?>
<!-- Generated by org.testng.reporters.JUnitReportReporter -->
<testsuite hostname="NU14A1" failures="0" tests="1" name="script.ValidLogin" time="28.320" errors="0" timestamp="2023-05-29T13:50:37 IST" skipped="0">
  <testcase classname="script.ValidLogin" name="testValidLogin" time="28.320"/>
  <system-out>
    <![CDATA[HomePage is Displayed]]>
  </system-out>
</testsuite> <!-- script.ValidLogin -->
