<?xml version="1.0" encoding="UTF-8"?>
<!-- Generated by org.testng.reporters.JUnitReportReporter -->
<testsuite hostname="NU14A1" failures="0" tests="1" name="script.ValidLogin" time="28.579" errors="0" timestamp="2023-05-07T00:07:52 IST" skipped="0">
  <testcase classname="script.ValidLogin" name="testValidLogin" time="28.579"/>
  <system-out>
    <![CDATA[HomePage is Displayed]]>
  </system-out>
</testsuite> <!-- script.ValidLogin -->
