<?xml version="1.0" encoding="UTF-8"?>
<!-- Generated by org.testng.reporters.JUnitReportReporter -->
<testsuite hostname="NU14A1" failures="0" tests="1" name="script.ValidLogin" time="26.683" errors="0" timestamp="2023-05-06T08:24:28 IST" skipped="0">
  <testcase classname="script.ValidLogin" name="testValidLogin" time="26.683"/>
  <system-out>
    <![CDATA[HomePage is Displayed]]>
  </system-out>
</testsuite> <!-- script.ValidLogin -->
