<?xml version="1.0" encoding="UTF-8"?>
<!-- Generated by org.testng.reporters.JUnitReportReporter -->
<testsuite hostname="NU14A1" failures="0" tests="1" name="script.ValidLogin" time="65.260" errors="0" timestamp="2023-05-04T13:00:36 IST" skipped="0">
  <testcase classname="script.ValidLogin" name="testValidLogin" time="65.260"/>
  <system-out>
    <![CDATA[HomePage is Displayed]]>
  </system-out>
</testsuite> <!-- script.ValidLogin -->
