<?xml version="1.0" encoding="UTF-8"?>
<!-- Generated by org.testng.reporters.JUnitReportReporter -->
<testsuite hostname="NU14A1" failures="0" tests="1" name="script.DemoTest3" time="17.523" errors="0" timestamp="2023-05-03T12:11:14 IST" skipped="0">
  <testcase classname="script.DemoTest3" name="demoTest3" time="17.523"/>
  <system-out>
    <![CDATA[Facebook â€“ log in or sign up]]>
  </system-out>
</testsuite> <!-- script.DemoTest3 -->
