<?xml version="1.0" encoding="UTF-8"?>
<!-- Generated by org.testng.reporters.JUnitReportReporter -->
<testsuite hostname="NU14A1" failures="0" tests="1" name="script.InvalidLogin" time="26.166" errors="0" timestamp="2023-05-07T00:08:35 IST" skipped="0">
  <testcase classname="script.InvalidLogin" name="testInvalidLogin" time="26.166"/>
  <system-out>
    <![CDATA[Invalid Msg is Displayed
Invalid Msg is Displayed]]>
  </system-out>
</testsuite> <!-- script.InvalidLogin -->
